CRITICAL - 2023-11-11 22:52:22 --> Invalid argument supplied for foreach()
#0 C:\xampp\htdocs\mini_bank\app\Controllers\Home.php(1790): CodeIgniter\Debug\Exceptions->errorHandler(2, 'Invalid argumen...', 'C:\\xampp\\htdocs...', 1790, Array)
#1 C:\xampp\htdocs\mini_bank\system\CodeIgniter.php(832): App\Controllers\Home->excel_mini_bank()
#2 C:\xampp\htdocs\mini_bank\system\CodeIgniter.php(419): CodeIgniter\CodeIgniter->runController(Object(App\Controllers\Home))
#3 C:\xampp\htdocs\mini_bank\system\CodeIgniter.php(326): CodeIgniter\CodeIgniter->handleRequest(NULL, Object(Config\Cache), false)
#4 C:\xampp\htdocs\mini_bank\public\index.php(37): CodeIgniter\CodeIgniter->run()
#5 C:\xampp\htdocs\mini_bank\system\Commands\Server\rewrite.php(43): require_once('C:\\xampp\\htdocs...')
#6 {main}
CRITICAL - 2023-11-11 22:53:55 --> Invalid argument supplied for foreach()
#0 C:\xampp\htdocs\mini_bank\app\Controllers\Home.php(1792): CodeIgniter\Debug\Exceptions->errorHandler(2, 'Invalid argumen...', 'C:\\xampp\\htdocs...', 1792, Array)
#1 C:\xampp\htdocs\mini_bank\system\CodeIgniter.php(832): App\Controllers\Home->excel_mini_bank()
#2 C:\xampp\htdocs\mini_bank\system\CodeIgniter.php(419): CodeIgniter\CodeIgniter->runController(Object(App\Controllers\Home))
#3 C:\xampp\htdocs\mini_bank\system\CodeIgniter.php(326): CodeIgniter\CodeIgniter->handleRequest(NULL, Object(Config\Cache), false)
#4 C:\xampp\htdocs\mini_bank\public\index.php(37): CodeIgniter\CodeIgniter->run()
#5 C:\xampp\htdocs\mini_bank\system\Commands\Server\rewrite.php(43): require_once('C:\\xampp\\htdocs...')
#6 {main}
CRITICAL - 2023-11-11 22:55:31 --> Invalid argument supplied for foreach()
#0 C:\xampp\htdocs\mini_bank\app\Controllers\Home.php(1792): CodeIgniter\Debug\Exceptions->errorHandler(2, 'Invalid argumen...', 'C:\\xampp\\htdocs...', 1792, Array)
#1 C:\xampp\htdocs\mini_bank\system\CodeIgniter.php(832): App\Controllers\Home->excel_mini_bank()
#2 C:\xampp\htdocs\mini_bank\system\CodeIgniter.php(419): CodeIgniter\CodeIgniter->runController(Object(App\Controllers\Home))
#3 C:\xampp\htdocs\mini_bank\system\CodeIgniter.php(326): CodeIgniter\CodeIgniter->handleRequest(NULL, Object(Config\Cache), false)
#4 C:\xampp\htdocs\mini_bank\public\index.php(37): CodeIgniter\CodeIgniter->run()
#5 C:\xampp\htdocs\mini_bank\system\Commands\Server\rewrite.php(43): require_once('C:\\xampp\\htdocs...')
#6 {main}
