ERROR - 2023-11-01 05:43:43 --> Error connecting to the database: Access denied for user ''@'localhost' (using password: NO)
CRITICAL - 2023-11-01 05:43:43 --> Unable to connect to the database.
Main connection [MySQLi]: Access denied for user ''@'localhost' (using password: NO)
#0 C:\xampp\htdocs\mini_bank\system\Database\BaseConnection.php(577): CodeIgniter\Database\BaseConnection->initialize()
#1 C:\xampp\htdocs\mini_bank\system\Database\BaseBuilder.php(1588): CodeIgniter\Database\BaseConnection->query('SELECT *\nFROM `...', Array, false)
#2 C:\xampp\htdocs\mini_bank\app\Models\M_model.php(323): CodeIgniter\Database\BaseBuilder->getWhere(Array)
#3 C:\xampp\htdocs\mini_bank\app\Controllers\Home.php(26): App\Models\M_model->getRow('settings_websit...', Array)
#4 C:\xampp\htdocs\mini_bank\system\CodeIgniter.php(832): App\Controllers\Home->index()
#5 C:\xampp\htdocs\mini_bank\system\CodeIgniter.php(419): CodeIgniter\CodeIgniter->runController(Object(App\Controllers\Home))
#6 C:\xampp\htdocs\mini_bank\system\CodeIgniter.php(326): CodeIgniter\CodeIgniter->handleRequest(NULL, Object(Config\Cache), false)
#7 C:\xampp\htdocs\mini_bank\public\index.php(37): CodeIgniter\CodeIgniter->run()
#8 C:\xampp\htdocs\mini_bank\system\Commands\Server\rewrite.php(43): require_once('C:\\xampp\\htdocs...')
#9 {main}
ERROR - 2023-11-01 06:52:10 --> Duplicate entry '1' for key 'USERNAME'
ERROR - 2023-11-01 06:52:24 --> Duplicate entry '1' for key 'USERNAME'
ERROR - 2023-11-01 06:52:24 --> Column 'maker_pegawai' cannot be null
CRITICAL - 2023-11-01 07:15:05 --> Too few arguments to function App\Controllers\Home::reset_pw(), 0 passed in C:\xampp\htdocs\mini_bank\system\CodeIgniter.php on line 832 and exactly 1 expected
#0 C:\xampp\htdocs\mini_bank\system\CodeIgniter.php(832): App\Controllers\Home->reset_pw()
#1 C:\xampp\htdocs\mini_bank\system\CodeIgniter.php(419): CodeIgniter\CodeIgniter->runController(Object(App\Controllers\Home))
#2 C:\xampp\htdocs\mini_bank\system\CodeIgniter.php(326): CodeIgniter\CodeIgniter->handleRequest(NULL, Object(Config\Cache), false)
#3 C:\xampp\htdocs\mini_bank\public\index.php(37): CodeIgniter\CodeIgniter->run()
#4 C:\xampp\htdocs\mini_bank\system\Commands\Server\rewrite.php(43): require_once('C:\\xampp\\htdocs...')
#5 {main}
ERROR - 2023-11-01 07:31:48 --> Duplicate entry 'Admin' for key 'USERNAME'
ERROR - 2023-11-01 07:31:48 --> Column 'maker_pegawai' cannot be null
ERROR - 2023-11-01 07:38:25 --> Duplicate entry '1' for key 'USERNAME'
ERROR - 2023-11-01 07:38:52 --> Duplicate entry '1' for key 'USERNAME'
ERROR - 2023-11-01 07:38:52 --> Column 'maker_pegawai' cannot be null
ERROR - 2023-11-01 07:39:25 --> Duplicate entry '112' for key 'USERNAME'
ERROR - 2023-11-01 07:39:25 --> Column 'maker_pegawai' cannot be null
ERROR - 2023-11-01 08:23:33 --> Table 'mini_bank.petugas_koperasi' doesn't exist
CRITICAL - 2023-11-01 08:23:33 --> Call to a member function getRowArray() on bool
#0 C:\xampp\htdocs\mini_bank\app\Controllers\Home.php(65): App\Models\M_model->getarray('petugas_koperas...', Array)
#1 C:\xampp\htdocs\mini_bank\system\CodeIgniter.php(832): App\Controllers\Home->aksi_login()
#2 C:\xampp\htdocs\mini_bank\system\CodeIgniter.php(419): CodeIgniter\CodeIgniter->runController(Object(App\Controllers\Home))
#3 C:\xampp\htdocs\mini_bank\system\CodeIgniter.php(326): CodeIgniter\CodeIgniter->handleRequest(NULL, Object(Config\Cache), false)
#4 C:\xampp\htdocs\mini_bank\public\index.php(37): CodeIgniter\CodeIgniter->run()
#5 C:\xampp\htdocs\mini_bank\system\Commands\Server\rewrite.php(43): require_once('C:\\xampp\\htdocs...')
#6 {main}
ERROR - 2023-11-01 19:56:20 --> Column 'maker_pegawai' cannot be null
ERROR - 2023-11-01 20:01:00 --> Duplicate entry 'asep' for key 'USERNAME'
ERROR - 2023-11-01 20:01:00 --> Column 'maker_pegawai' cannot be null
ERROR - 2023-11-01 20:02:21 --> Column 'maker_pegawai' cannot be null
ERROR - 2023-11-01 21:08:38 --> Column 'level' cannot be null
ERROR - 2023-11-01 21:08:38 --> Column 'nip' cannot be null
ERROR - 2023-11-01 21:09:53 --> Unknown column 'id_pegawai_user' in 'field list'
ERROR - 2023-11-01 21:12:33 --> Unknown column 'id_pegawai_user' in 'field list'
CRITICAL - 2023-11-01 21:59:15 --> Cannot redeclare App\Controllers\Home::reset_pw()
#0 [internal function]: CodeIgniter\Debug\Exceptions->shutdownHandler()
#1 {main}
CRITICAL - 2023-11-01 22:04:35 --> Call to undefined function md5_decode()
#0 C:\xampp\htdocs\mini_bank\system\View\View.php(210): include()
#1 C:\xampp\htdocs\mini_bank\system\View\View.php(213): CodeIgniter\View\View->CodeIgniter\View\{closure}()
#2 C:\xampp\htdocs\mini_bank\system\Common.php(1089): CodeIgniter\View\View->render('user/nasabah/ed...', Array, true)
#3 C:\xampp\htdocs\mini_bank\app\Controllers\Home.php(440): view('user/nasabah/ed...')
#4 C:\xampp\htdocs\mini_bank\system\CodeIgniter.php(832): App\Controllers\Home->edit_nasabah('1')
#5 C:\xampp\htdocs\mini_bank\system\CodeIgniter.php(419): CodeIgniter\CodeIgniter->runController(Object(App\Controllers\Home))
#6 C:\xampp\htdocs\mini_bank\system\CodeIgniter.php(326): CodeIgniter\CodeIgniter->handleRequest(NULL, Object(Config\Cache), false)
#7 C:\xampp\htdocs\mini_bank\public\index.php(37): CodeIgniter\CodeIgniter->run()
#8 C:\xampp\htdocs\mini_bank\system\Commands\Server\rewrite.php(43): require_once('C:\\xampp\\htdocs...')
#9 {main}
CRITICAL - 2023-11-01 23:39:55 --> Use of undefined constant PUBLIC_PATH - assumed 'PUBLIC_PATH' (this will throw an Error in a future version of PHP)
#0 C:\xampp\htdocs\mini_bank\app\Controllers\Home.php(137): CodeIgniter\Debug\Exceptions->errorHandler(2, 'Use of undefine...', 'C:\\xampp\\htdocs...', 137, Array)
#1 C:\xampp\htdocs\mini_bank\system\CodeIgniter.php(832): App\Controllers\Home->aksi_ganti_website()
#2 C:\xampp\htdocs\mini_bank\system\CodeIgniter.php(419): CodeIgniter\CodeIgniter->runController(Object(App\Controllers\Home))
#3 C:\xampp\htdocs\mini_bank\system\CodeIgniter.php(326): CodeIgniter\CodeIgniter->handleRequest(NULL, Object(Config\Cache), false)
#4 C:\xampp\htdocs\mini_bank\public\index.php(37): CodeIgniter\CodeIgniter->run()
#5 C:\xampp\htdocs\mini_bank\system\Commands\Server\rewrite.php(43): require_once('C:\\xampp\\htdocs...')
#6 {main}
CRITICAL - 2023-11-01 23:41:40 --> Use of undefined constant PUBLIC_PATH - assumed 'PUBLIC_PATH' (this will throw an Error in a future version of PHP)
#0 C:\xampp\htdocs\mini_bank\app\Controllers\Home.php(137): CodeIgniter\Debug\Exceptions->errorHandler(2, 'Use of undefine...', 'C:\\xampp\\htdocs...', 137, Array)
#1 C:\xampp\htdocs\mini_bank\system\CodeIgniter.php(832): App\Controllers\Home->aksi_ganti_website()
#2 C:\xampp\htdocs\mini_bank\system\CodeIgniter.php(419): CodeIgniter\CodeIgniter->runController(Object(App\Controllers\Home))
#3 C:\xampp\htdocs\mini_bank\system\CodeIgniter.php(326): CodeIgniter\CodeIgniter->handleRequest(NULL, Object(Config\Cache), false)
#4 C:\xampp\htdocs\mini_bank\public\index.php(37): CodeIgniter\CodeIgniter->run()
#5 C:\xampp\htdocs\mini_bank\system\Commands\Server\rewrite.php(43): require_once('C:\\xampp\\htdocs...')
#6 {main}
